2025-07-05 17:40:51 change configuration
2025-11-25 05:39:45 update API docs
2025-03-18 00:22:10 merge branch
2025-07-23 13:08:05 minor changes
2025-09-10 12:02:04 upgrade dependencies
2025-01-08 06:30:57 update schema migration
2025-01-19 23:54:28 fix encoding issue
2025-03-29 03:54:12 fix type error
2025-05-18 09:31:14 improve UX
2025-09-25 10:27:56 update constants
2025-02-11 20:40:17 add fallback
2025-08-21 03:14:05 add helper function
2025-09-10 06:31:03 experimental changes
2025-06-09 10:02:29 tweak configs
2025-05-02 15:09:56 reduce complexity
2025-11-15 05:36:42 tweak configs
2025-04-26 00:23:33 enhance logging
2025-09-22 12:19:37 update LICENSE
2025-07-23 03:49:39 adjust error messages
2025-12-23 18:58:13 fix edge case
2025-01-29 08:18:40 update version
2025-12-08 21:25:52 improve caching
2025-12-17 22:16:22 add integration tests
2025-01-12 22:12:06 small refactor
2025-03-31 01:01:24 improve caching
2025-11-16 14:58:22 add tests
2025-05-02 06:52:57 enhance logging
2025-08-29 16:43:17 cleanup dependencies
2025-02-26 05:07:39 update configs
2025-08-26 12:32:13 optimize function
2025-11-06 21:38:46 update logging
2025-03-25 05:06:43 rollback changes
2025-02-12 22:02:01 rollback changes
2025-09-21 02:30:39 restructure modules
2025-08-01 10:34:02 improve caching
2025-05-21 08:28:42 cleanup code
2025-08-04 19:26:13 better error handling
2025-04-22 01:58:25 upgrade dependencies
2025-06-08 13:18:05 minor refactor
2025-08-12 05:29:38 update constants
2025-06-14 00:54:39 enhance logging
2025-02-20 03:30:25 update LICENSE
2025-04-29 05:15:09 update gitignore
2025-04-05 08:46:04 improve security
2025-04-10 22:59:00 fix build error
2025-05-16 18:38:46 rollback changes
2025-04-22 12:54:40 adjust error messages
2025-08-22 18:19:16 update dependencies
2025-09-02 10:07:38 update dependencies
2025-06-22 15:55:05 clean project structure
2025-08-18 04:52:25 update schema migration
2025-02-13 17:31:46 add tests
2025-10-21 08:50:38 temporary fix
2025-07-22 21:42:52 improve security
2025-05-17 20:25:27 rollback changes
2025-04-28 19:01:37 merge branch
2025-11-28 13:47:01 better error handling
2025-04-30 23:55:52 add fallback
2025-01-02 11:17:45 change configuration
2025-06-24 14:30:19 minor changes
2025-12-14 17:30:01 reduce complexity
2025-08-07 07:12:12 update docs with examples
2025-02-08 12:59:57 remove unused import
2025-11-28 08:00:49 reorganize files
2025-02-20 21:34:39 enhance logging
2025-09-12 05:19:45 restructure modules
2025-07-28 02:26:05 update schema migration
2025-01-02 01:44:29 small refactor
2025-01-29 13:12:55 add integration tests
2025-06-29 14:30:41 typo fix
2025-05-03 07:44:43 reorganize files
2025-01-13 14:36:47 fix edge case
2025-01-16 22:32:22 fix warnings
2025-04-04 20:55:02 enhance logging
2025-10-11 19:15:42 fix config bug
2025-12-27 01:51:44 add helper function
2025-03-14 12:22:53 update docs with examples
2025-03-20 02:03:30 better error handling
2025-03-17 02:04:42 initial commit
2025-02-26 01:30:13 improve performance
2025-03-21 04:19:27 fix crash issue
2025-09-12 19:37:58 update gitignore
2025-01-09 19:12:43 remove unused import
2025-07-01 16:15:46 remove debug output
2025-02-19 13:07:59 improve security
2025-02-13 19:53:32 fix compatibility
2025-12-24 01:24:58 upgrade dependencies
2025-02-09 18:39:27 update gitignore
2025-11-26 01:50:59 add unit tests
2025-10-13 13:14:16 add tests
2025-02-28 21:00:22 update configs for prod
2025-11-19 01:00:50 update database schema
2025-03-11 22:42:09 UI improvements
2025-08-03 04:04:23 remove legacy code
2025-10-06 11:37:47 reformat code
2025-10-27 20:23:20 update build script
2025-07-27 04:20:14 small refactor
2025-02-13 23:21:13 improve UX
2025-08-26 16:04:11 clean project structure
2025-09-01 09:10:30 style improvements
2025-05-04 14:06:59 security patch
2025-05-15 11:35:25 improve maintainability
2025-10-24 12:35:44 add TODOs
2025-06-14 22:48:06 fix crash issue
2025-09-11 12:48:53 add TODOs
2025-02-06 15:36:04 increase test coverage
2025-11-30 02:11:58 minor tweaks
2025-06-01 21:28:43 update gitignore
2025-08-17 22:37:34 improve performance
2025-08-19 07:10:59 fix CI errors
2025-06-27 11:02:54 remove debug output
2025-04-28 09:19:54 fix permission issue
2025-10-07 00:43:30 reorganize files
2025-11-24 01:43:35 update CI pipeline
2025-03-31 05:46:33 adjust error messages
2025-09-13 02:18:48 update README
2025-09-21 09:42:51 add sample data
2025-02-22 11:48:52 update constants
2025-05-13 21:46:11 minor refactor
2025-07-27 15:34:02 fix docker build
2025-02-06 21:37:45 update feature
2025-04-05 03:24:48 update LICENSE
2025-02-11 11:43:02 update database schema
2025-08-02 12:27:36 update comments
2025-03-06 22:32:11 fix misconfiguration
2025-07-21 07:36:29 update configs for prod
2025-06-19 02:46:30 stabilize build
2025-12-01 11:24:44 restructure project
2025-03-22 10:56:49 fix edge case
2025-06-01 14:39:59 update API endpoints
2025-06-03 17:09:26 add example file
2025-06-29 16:07:56 improve logging format
2025-04-07 22:28:39 simplify logic
2025-09-10 02:39:49 add sample data
2025-10-12 05:24:46 update deployment script
